This file contains any messages produced by compilers while
running configure, to aid debugging if configure makes a mistake.

It was created by stlink configure 0.5.6, which was
generated by GNU Autoconf 2.69.  Invocation command line was

  $ ./configure 

## --------- ##
## Platform. ##
## --------- ##

hostname = iAN-MAiN
uname -m = x86_64
uname -r = 3.11.1-gentoo
uname -s = Linux
uname -v = #1 SMP PREEMPT Sat Sep 21 09:14:04 MST 2013

/usr/bin/uname -p = AMD Phenom(tm) II X6 1090T Processor
/bin/uname -X     = unknown

/bin/arch              = unknown
/usr/bin/arch -k       = unknown
/usr/convex/getsysinfo = unknown
/usr/bin/hostinfo      = unknown
/bin/machine           = unknown
/usr/bin/oslevel       = unknown
/bin/universe          = unknown

PATH: /usr/local/bin
PATH: /usr/bin
PATH: /bin
PATH: /opt/bin
PATH: /usr/x86_64-pc-linux-gnu/gcc-bin/4.7.3
PATH: /usr/x86_64-pc-linux-gnu/armv6j-hardfloat-linux-gnueabi/gcc-bin/4.7.3
PATH: /usr/games/bin


## ----------- ##
## Core tests. ##
## ----------- ##

configure:2242: checking for a BSD-compatible install
configure:2310: result: /usr/bin/install -c
configure:2321: checking whether build environment is sane
configure:2376: result: yes
configure:2527: checking for a thread-safe mkdir -p
configure:2566: result: /bin/mkdir -p
configure:2573: checking for gawk
configure:2589: found /usr/bin/gawk
configure:2600: result: gawk
configure:2611: checking whether make sets $(MAKE)
configure:2633: result: yes
configure:2662: checking whether make supports nested variables
configure:2679: result: yes
configure:2855: checking for gcc
configure:2871: found /usr/bin/gcc
configure:2882: result: gcc
configure:3111: checking for C compiler version
configure:3120: gcc --version >&5
gcc (Gentoo 4.7.3 p1.0, pie-0.5.5) 4.7.3
Copyright (C) 2012 Free Software Foundation, Inc.
This is free software; see the source for copying conditions.  There is NO
warranty; not even for MERCHANTABILITY or FITNESS FOR A PARTICULAR PURPOSE.

configure:3131: $? = 0
configure:3120: gcc -v >&5
Using built-in specs.
COLLECT_GCC=/usr/x86_64-pc-linux-gnu/gcc-bin/4.7.3/gcc
COLLECT_LTO_WRAPPER=/usr/libexec/gcc/x86_64-pc-linux-gnu/4.7.3/lto-wrapper
Target: x86_64-pc-linux-gnu
Configured with: /var/tmp/portage/sys-devel/gcc-4.7.3/work/gcc-4.7.3/configure --prefix=/usr --bindir=/usr/x86_64-pc-linux-gnu/gcc-bin/4.7.3 --includedir=/usr/lib/gcc/x86_64-pc-linux-gnu/4.7.3/include --datadir=/usr/share/gcc-data/x86_64-pc-linux-gnu/4.7.3 --mandir=/usr/share/gcc-data/x86_64-pc-linux-gnu/4.7.3/man --infodir=/usr/share/gcc-data/x86_64-pc-linux-gnu/4.7.3/info --with-gxx-include-dir=/usr/lib/gcc/x86_64-pc-linux-gnu/4.7.3/include/g++-v4 --host=x86_64-pc-linux-gnu --build=x86_64-pc-linux-gnu --disable-altivec --disable-fixed-point --without-cloog --without-ppl --disable-lto --enable-nls --without-included-gettext --with-system-zlib --enable-obsolete --disable-werror --enable-secureplt --enable-multilib --with-multilib-list=m32,m64 --enable-libmudflap --disable-libssp --enable-libgomp --with-python-dir=/share/gcc-data/x86_64-pc-linux-gnu/4.7.3/python --enable-checking=release --disable-libgcj --enable-libstdcxx-time --enable-languages=c,c++,fortran --enable-shared --enable-threads=posix --enable-__cxa_atexit --enable-clocale=gnu --enable-targets=all --with-bugurl=http://bugs.gentoo.org/ --with-pkgversion='Gentoo 4.7.3 p1.0, pie-0.5.5'
Thread model: posix
gcc version 4.7.3 (Gentoo 4.7.3 p1.0, pie-0.5.5) 
configure:3131: $? = 0
configure:3120: gcc -V >&5
gcc: error: unrecognized command line option '-V'
gcc: fatal error: no input files
compilation terminated.
configure:3131: $? = 1
configure:3120: gcc -qversion >&5
gcc: error: unrecognized command line option '-qversion'
gcc: fatal error: no input files
compilation terminated.
configure:3131: $? = 1
configure:3151: checking whether the C compiler works
configure:3173: gcc    conftest.c  >&5
configure:3177: $? = 0
configure:3225: result: yes
configure:3228: checking for C compiler default output file name
configure:3230: result: a.out
configure:3236: checking for suffix of executables
configure:3243: gcc -o conftest    conftest.c  >&5
configure:3247: $? = 0
configure:3269: result: 
configure:3291: checking whether we are cross compiling
configure:3299: gcc -o conftest    conftest.c  >&5
configure:3303: $? = 0
configure:3310: ./conftest
configure:3314: $? = 0
configure:3329: result: no
configure:3334: checking for suffix of object files
configure:3356: gcc -c   conftest.c >&5
configure:3360: $? = 0
configure:3381: result: o
configure:3385: checking whether we are using the GNU C compiler
configure:3404: gcc -c   conftest.c >&5
configure:3404: $? = 0
configure:3413: result: yes
configure:3422: checking whether gcc accepts -g
configure:3442: gcc -c -g  conftest.c >&5
configure:3442: $? = 0
configure:3483: result: yes
configure:3500: checking for gcc option to accept ISO C89
configure:3563: gcc  -c -g -O2  conftest.c >&5
configure:3563: $? = 0
configure:3576: result: none needed
configure:3601: checking whether gcc understands -c and -o together
configure:3623: gcc -c conftest.c -o conftest2.o
configure:3626: $? = 0
configure:3623: gcc -c conftest.c -o conftest2.o
configure:3626: $? = 0
configure:3638: result: yes
configure:3666: checking for style of include used by make
configure:3694: result: GNU
configure:3720: checking dependency style of gcc
configure:3831: result: gcc3
configure:3851: checking build system type
configure:3865: result: x86_64-unknown-linux-gnu
configure:3885: checking host system type
configure:3898: result: x86_64-unknown-linux-gnu
configure:3962: checking for ranlib
configure:3978: found /usr/bin/ranlib
configure:3989: result: ranlib
configure:4019: checking how to run the C preprocessor
configure:4050: gcc -E  conftest.c
configure:4050: $? = 0
configure:4064: gcc -E  conftest.c
conftest.c:11:28: fatal error: ac_nonexistent.h: No such file or directory
compilation terminated.
configure:4064: $? = 1
configure: failed program was:
| /* confdefs.h */
| #define PACKAGE_NAME "stlink"
| #define PACKAGE_TARNAME "stlink"
| #define PACKAGE_VERSION "0.5.6"
| #define PACKAGE_STRING "stlink 0.5.6"
| #define PACKAGE_BUGREPORT "davem@devkitpro.org"
| #define PACKAGE_URL ""
| #define PACKAGE "stlink"
| #define VERSION "0.5.6"
| /* end confdefs.h.  */
| #include <ac_nonexistent.h>
configure:4089: result: gcc -E
configure:4109: gcc -E  conftest.c
configure:4109: $? = 0
configure:4123: gcc -E  conftest.c
conftest.c:11:28: fatal error: ac_nonexistent.h: No such file or directory
compilation terminated.
configure:4123: $? = 1
configure: failed program was:
| /* confdefs.h */
| #define PACKAGE_NAME "stlink"
| #define PACKAGE_TARNAME "stlink"
| #define PACKAGE_VERSION "0.5.6"
| #define PACKAGE_STRING "stlink 0.5.6"
| #define PACKAGE_BUGREPORT "davem@devkitpro.org"
| #define PACKAGE_URL ""
| #define PACKAGE "stlink"
| #define VERSION "0.5.6"
| /* end confdefs.h.  */
| #include <ac_nonexistent.h>
configure:4152: checking for grep that handles long lines and -e
configure:4210: result: /bin/grep
configure:4215: checking for egrep
configure:4277: result: /bin/grep -E
configure:4282: checking for ANSI C header files
configure:4302: gcc -c -g -O2  conftest.c >&5
configure:4302: $? = 0
configure:4375: gcc -o conftest -g -O2   conftest.c  >&5
configure:4375: $? = 0
configure:4375: ./conftest
configure:4375: $? = 0
configure:4386: result: yes
configure:4399: checking for sys/types.h
configure:4399: gcc -c -g -O2  conftest.c >&5
configure:4399: $? = 0
configure:4399: result: yes
configure:4399: checking for sys/stat.h
configure:4399: gcc -c -g -O2  conftest.c >&5
configure:4399: $? = 0
configure:4399: result: yes
configure:4399: checking for stdlib.h
configure:4399: gcc -c -g -O2  conftest.c >&5
configure:4399: $? = 0
configure:4399: result: yes
configure:4399: checking for string.h
configure:4399: gcc -c -g -O2  conftest.c >&5
configure:4399: $? = 0
configure:4399: result: yes
configure:4399: checking for memory.h
configure:4399: gcc -c -g -O2  conftest.c >&5
configure:4399: $? = 0
configure:4399: result: yes
configure:4399: checking for strings.h
configure:4399: gcc -c -g -O2  conftest.c >&5
configure:4399: $? = 0
configure:4399: result: yes
configure:4399: checking for inttypes.h
configure:4399: gcc -c -g -O2  conftest.c >&5
configure:4399: $? = 0
configure:4399: result: yes
configure:4399: checking for stdint.h
configure:4399: gcc -c -g -O2  conftest.c >&5
configure:4399: $? = 0
configure:4399: result: yes
configure:4399: checking for unistd.h
configure:4399: gcc -c -g -O2  conftest.c >&5
configure:4399: $? = 0
configure:4399: result: yes
configure:4413: checking sys/mman.h usability
configure:4413: gcc -c -g -O2  conftest.c >&5
configure:4413: $? = 0
configure:4413: result: yes
configure:4413: checking sys/mman.h presence
configure:4413: gcc -E  conftest.c
configure:4413: $? = 0
configure:4413: result: yes
configure:4413: checking for sys/mman.h
configure:4413: result: yes
configure:4425: checking sys/poll.h usability
configure:4425: gcc -c -g -O2  conftest.c >&5
configure:4425: $? = 0
configure:4425: result: yes
configure:4425: checking sys/poll.h presence
configure:4425: gcc -E  conftest.c
configure:4425: $? = 0
configure:4425: result: yes
configure:4425: checking for sys/poll.h
configure:4425: result: yes
configure:4435: checking for mmap
configure:4435: gcc -o conftest -g -O2   conftest.c  >&5
configure:4435: $? = 0
configure:4435: result: yes
configure:4505: checking for pkg-config
configure:4523: found /usr/bin/pkg-config
configure:4535: result: /usr/bin/pkg-config
configure:4560: checking pkg-config is at least version 0.9.0
configure:4563: result: yes
configure:4573: checking for USB
configure:4580: $PKG_CONFIG --exists --print-errors "libusb-1.0 >= 1.0.0"
configure:4583: $? = 0
configure:4597: $PKG_CONFIG --exists --print-errors "libusb-1.0 >= 1.0.0"
configure:4600: $? = 0
configure:4638: result: yes
configure:4642: checking for usb_path2devnum in -lusbpath
configure:4667: gcc -o conftest -g -O2   conftest.c -lusbpath -lusb  >&5
/usr/lib/gcc/x86_64-pc-linux-gnu/4.7.3/../../../../x86_64-pc-linux-gnu/bin/ld: cannot find -lusbpath
collect2: error: ld returned 1 exit status
configure:4667: $? = 1
configure: failed program was:
| /* confdefs.h */
| #define PACKAGE_NAME "stlink"
| #define PACKAGE_TARNAME "stlink"
| #define PACKAGE_VERSION "0.5.6"
| #define PACKAGE_STRING "stlink 0.5.6"
| #define PACKAGE_BUGREPORT "davem@devkitpro.org"
| #define PACKAGE_URL ""
| #define PACKAGE "stlink"
| #define VERSION "0.5.6"
| #define STDC_HEADERS 1
| #define HAVE_SYS_TYPES_H 1
| #define HAVE_SYS_STAT_H 1
| #define HAVE_STDLIB_H 1
| #define HAVE_STRING_H 1
| #define HAVE_MEMORY_H 1
| #define HAVE_STRINGS_H 1
| #define HAVE_INTTYPES_H 1
| #define HAVE_STDINT_H 1
| #define HAVE_UNISTD_H 1
| #define HAVE_SYS_MMAN_H 1
| #define HAVE_SYS_POLL_H 1
| #define HAVE_MMAP 1
| /* end confdefs.h.  */
| 
| /* Override any GCC internal prototype to avoid an error.
|    Use char because int might match the return type of a GCC
|    builtin and then its argument prototype would still apply.  */
| #ifdef __cplusplus
| extern "C"
| #endif
| char usb_path2devnum ();
| int
| main ()
| {
| return usb_path2devnum ();
|   ;
|   return 0;
| }
configure:4676: result: no
configure:5063: checking that generated files are newer than configure
configure:5069: result: done
configure:5100: creating ./config.status

## ---------------------- ##
## Running config.status. ##
## ---------------------- ##

This file was extended by stlink config.status 0.5.6, which was
generated by GNU Autoconf 2.69.  Invocation command line was

  CONFIG_FILES    = 
  CONFIG_HEADERS  = 
  CONFIG_LINKS    = 
  CONFIG_COMMANDS = 
  $ ./config.status 

on iAN-MAiN

config.status:799: creating Makefile
config.status:971: executing depfiles commands

## ---------------- ##
## Cache variables. ##
## ---------------- ##

ac_cv_build=x86_64-unknown-linux-gnu
ac_cv_c_compiler_gnu=yes
ac_cv_env_CC_set=
ac_cv_env_CC_value=
ac_cv_env_CFLAGS_set=
ac_cv_env_CFLAGS_value=
ac_cv_env_CPPFLAGS_set=
ac_cv_env_CPPFLAGS_value=
ac_cv_env_CPP_set=
ac_cv_env_CPP_value=
ac_cv_env_GLIB_CFLAGS_set=
ac_cv_env_GLIB_CFLAGS_value=
ac_cv_env_GLIB_LIBS_set=
ac_cv_env_GLIB_LIBS_value=
ac_cv_env_GTK_CFLAGS_set=
ac_cv_env_GTK_CFLAGS_value=
ac_cv_env_GTK_LIBS_set=
ac_cv_env_GTK_LIBS_value=
ac_cv_env_LDFLAGS_set=
ac_cv_env_LDFLAGS_value=
ac_cv_env_LIBS_set=
ac_cv_env_LIBS_value=
ac_cv_env_PKG_CONFIG_LIBDIR_set=
ac_cv_env_PKG_CONFIG_LIBDIR_value=
ac_cv_env_PKG_CONFIG_PATH_set=
ac_cv_env_PKG_CONFIG_PATH_value=
ac_cv_env_PKG_CONFIG_set=
ac_cv_env_PKG_CONFIG_value=
ac_cv_env_USB_CFLAGS_set=
ac_cv_env_USB_CFLAGS_value=
ac_cv_env_USB_LIBS_set=
ac_cv_env_USB_LIBS_value=
ac_cv_env_build_alias_set=
ac_cv_env_build_alias_value=
ac_cv_env_host_alias_set=
ac_cv_env_host_alias_value=
ac_cv_env_target_alias_set=
ac_cv_env_target_alias_value=
ac_cv_func_mmap=yes
ac_cv_header_inttypes_h=yes
ac_cv_header_memory_h=yes
ac_cv_header_stdc=yes
ac_cv_header_stdint_h=yes
ac_cv_header_stdlib_h=yes
ac_cv_header_string_h=yes
ac_cv_header_strings_h=yes
ac_cv_header_sys_mman_h=yes
ac_cv_header_sys_poll_h=yes
ac_cv_header_sys_stat_h=yes
ac_cv_header_sys_types_h=yes
ac_cv_header_unistd_h=yes
ac_cv_host=x86_64-unknown-linux-gnu
ac_cv_lib_usbpath_usb_path2devnum=no
ac_cv_objext=o
ac_cv_path_EGREP='/bin/grep -E'
ac_cv_path_GREP=/bin/grep
ac_cv_path_ac_pt_PKG_CONFIG=/usr/bin/pkg-config
ac_cv_path_install='/usr/bin/install -c'
ac_cv_path_mkdir=/bin/mkdir
ac_cv_prog_AWK=gawk
ac_cv_prog_CPP='gcc -E'
ac_cv_prog_ac_ct_CC=gcc
ac_cv_prog_ac_ct_RANLIB=ranlib
ac_cv_prog_cc_c89=
ac_cv_prog_cc_g=yes
ac_cv_prog_make_make_set=yes
am_cv_CC_dependencies_compiler_type=gcc3
am_cv_make_support_nested_variables=yes
am_cv_prog_cc_c_o=yes
pkg_cv_USB_CFLAGS='-I/usr/include/libusb-1.0 '
pkg_cv_USB_LIBS='-lusb-1.0 '

## ----------------- ##
## Output variables. ##
## ----------------- ##

ACLOCAL='${SHELL} /home/ian/working-copies/ManusExcipio/compiler/stlink/missing aclocal-1.14'
AMDEPBACKSLASH='\'
AMDEP_FALSE='#'
AMDEP_TRUE=''
AMTAR='$${TAR-tar}'
AM_BACKSLASH='\'
AM_DEFAULT_V='$(AM_DEFAULT_VERBOSITY)'
AM_DEFAULT_VERBOSITY='1'
AM_V='$(V)'
AUTOCONF='${SHELL} /home/ian/working-copies/ManusExcipio/compiler/stlink/missing autoconf'
AUTOHEADER='${SHELL} /home/ian/working-copies/ManusExcipio/compiler/stlink/missing autoheader'
AUTOMAKE='${SHELL} /home/ian/working-copies/ManusExcipio/compiler/stlink/missing automake-1.14'
AWK='gawk'
CC='gcc'
CCDEPMODE='depmode=gcc3'
CFLAGS='-g -O2 -I/usr/include/libusb-1.0 '
CPP='gcc -E'
CPPFLAGS=''
CYGPATH_W='echo'
DEFS='-DPACKAGE_NAME=\"stlink\" -DPACKAGE_TARNAME=\"stlink\" -DPACKAGE_VERSION=\"0.5.6\" -DPACKAGE_STRING=\"stlink\ 0.5.6\" -DPACKAGE_BUGREPORT=\"davem@devkitpro.org\" -DPACKAGE_URL=\"\" -DPACKAGE=\"stlink\" -DVERSION=\"0.5.6\" -DSTDC_HEADERS=1 -DHAVE_SYS_TYPES_H=1 -DHAVE_SYS_STAT_H=1 -DHAVE_STDLIB_H=1 -DHAVE_STRING_H=1 -DHAVE_MEMORY_H=1 -DHAVE_STRINGS_H=1 -DHAVE_INTTYPES_H=1 -DHAVE_STDINT_H=1 -DHAVE_UNISTD_H=1 -DHAVE_SYS_MMAN_H=1 -DHAVE_SYS_POLL_H=1 -DHAVE_MMAP=1'
DEPDIR='.deps'
ECHO_C=''
ECHO_N='-n'
ECHO_T=''
EGREP='/bin/grep -E'
EXEEXT=''
GLIB_CFLAGS=''
GLIB_LIBS=''
GREP='/bin/grep'
GTK_CFLAGS=''
GTK_LIBS=''
INSTALL_DATA='${INSTALL} -m 644'
INSTALL_PROGRAM='${INSTALL}'
INSTALL_SCRIPT='${INSTALL}'
INSTALL_STRIP_PROGRAM='$(install_sh) -c -s'
LDFLAGS=''
LIBOBJS=''
LIBS=' -lusb-1.0 '
LTLIBOBJS=''
MAKEINFO='${SHELL} /home/ian/working-copies/ManusExcipio/compiler/stlink/missing makeinfo'
MAYBE_GUI=''
MINGW_FALSE=''
MINGW_TRUE='#'
MKDIR_P='/bin/mkdir -p'
OBJEXT='o'
PACKAGE='stlink'
PACKAGE_BUGREPORT='davem@devkitpro.org'
PACKAGE_NAME='stlink'
PACKAGE_STRING='stlink 0.5.6'
PACKAGE_TARNAME='stlink'
PACKAGE_URL=''
PACKAGE_VERSION='0.5.6'
PATH_SEPARATOR=':'
PKG_CONFIG='/usr/bin/pkg-config'
PKG_CONFIG_LIBDIR=''
PKG_CONFIG_PATH=''
RANLIB='ranlib'
SET_MAKE=''
SHELL='/bin/sh'
STRIP=''
USB_CFLAGS='-I/usr/include/libusb-1.0 '
USB_LIBS='-lusb-1.0 '
VERSION='0.5.6'
ac_ct_CC='gcc'
am__EXEEXT_FALSE=''
am__EXEEXT_TRUE='#'
am__fastdepCC_FALSE='#'
am__fastdepCC_TRUE=''
am__include='include'
am__isrc=''
am__leading_dot='.'
am__nodep='_no'
am__quote=''
am__tar='$${TAR-tar} chof - "$$tardir"'
am__untar='$${TAR-tar} xf -'
bindir='${exec_prefix}/bin'
build='x86_64-unknown-linux-gnu'
build_alias=''
build_cpu='x86_64'
build_os='linux-gnu'
build_vendor='unknown'
datadir='${datarootdir}'
datarootdir='${prefix}/share'
docdir='${datarootdir}/doc/${PACKAGE_TARNAME}'
dvidir='${docdir}'
exec_prefix='${prefix}'
host='x86_64-unknown-linux-gnu'
host_alias=''
host_cpu='x86_64'
host_os='linux-gnu'
host_vendor='unknown'
htmldir='${docdir}'
includedir='${prefix}/include'
infodir='${datarootdir}/info'
install_sh='${SHELL} /home/ian/working-copies/ManusExcipio/compiler/stlink/install-sh'
libdir='${exec_prefix}/lib'
libexecdir='${exec_prefix}/libexec'
localedir='${datarootdir}/locale'
localstatedir='${prefix}/var'
mandir='${datarootdir}/man'
mkdir_p='$(MKDIR_P)'
oldincludedir='/usr/include'
pdfdir='${docdir}'
prefix='/usr/local'
program_transform_name='s,x,x,'
psdir='${docdir}'
sbindir='${exec_prefix}/sbin'
sharedstatedir='${prefix}/com'
sysconfdir='${prefix}/etc'
target_alias=''

## ----------- ##
## confdefs.h. ##
## ----------- ##

/* confdefs.h */
#define PACKAGE_NAME "stlink"
#define PACKAGE_TARNAME "stlink"
#define PACKAGE_VERSION "0.5.6"
#define PACKAGE_STRING "stlink 0.5.6"
#define PACKAGE_BUGREPORT "davem@devkitpro.org"
#define PACKAGE_URL ""
#define PACKAGE "stlink"
#define VERSION "0.5.6"
#define STDC_HEADERS 1
#define HAVE_SYS_TYPES_H 1
#define HAVE_SYS_STAT_H 1
#define HAVE_STDLIB_H 1
#define HAVE_STRING_H 1
#define HAVE_MEMORY_H 1
#define HAVE_STRINGS_H 1
#define HAVE_INTTYPES_H 1
#define HAVE_STDINT_H 1
#define HAVE_UNISTD_H 1
#define HAVE_SYS_MMAN_H 1
#define HAVE_SYS_POLL_H 1
#define HAVE_MMAP 1

configure: exit 0
